<?xml version="1.0" encoding="UTF-8"?>
<robot generator="Robot 6.0.2 (Python 3.11.5 on darwin)" generated="20240204 20:20:34.160" rpa="false" schemaversion="3">
<suite id="s1" name="Test" source="/Users/robbydarmawan/Documents/Automation/Robby/LT-Configuration-RF/tests/test.robot">
<test id="s1-t1" name="TC001 - Open Application" line="9">
<kw name="Open app" library="config">
<arg>${SUITE_NAME}-${TEST_NAME}</arg>
<kw name="Get Env" library="Env">
<var>${LAMDA_DEVICE_NAME}</var>
<arg>LAMDA_DEVICE_NAME</arg>
<msg timestamp="20240204 20:20:34.248" level="INFO">${LAMDA_DEVICE_NAME} = Pixel 6</msg>
<status status="PASS" starttime="20240204 20:20:34.247" endtime="20240204 20:20:34.248"/>
</kw>
<kw name="Get Env" library="Env">
<var>${LAMDA_PLATFORM_NAME}</var>
<arg>LAMDA_PLATFORM_NAME</arg>
<msg timestamp="20240204 20:20:34.249" level="INFO">${LAMDA_PLATFORM_NAME} = android</msg>
<status status="PASS" starttime="20240204 20:20:34.249" endtime="20240204 20:20:34.249"/>
</kw>
<kw name="Get Env" library="Env">
<var>${LAMDA_PLATFORM_VERSION}</var>
<arg>LAMDA_PLATFORM_VERSION</arg>
<msg timestamp="20240204 20:20:34.250" level="INFO">${LAMDA_PLATFORM_VERSION} = 12</msg>
<status status="PASS" starttime="20240204 20:20:34.249" endtime="20240204 20:20:34.250"/>
</kw>
<kw name="Get Env" library="Env">
<var>${LAMDA_APP_URL}</var>
<arg>LAMDA_APP_URL</arg>
<msg timestamp="20240204 20:20:34.251" level="INFO">${LAMDA_APP_URL} = lt://APP10160531951700731556957468</msg>
<status status="PASS" starttime="20240204 20:20:34.250" endtime="20240204 20:20:34.251"/>
</kw>
<kw name="Get Env" library="Env">
<var>${LAMDA_BUILD_NAME}</var>
<arg>LAMDA_BUILD_NAME</arg>
<msg timestamp="20240204 20:20:34.251" level="INFO">${LAMDA_BUILD_NAME} = BUILD NAME</msg>
<status status="PASS" starttime="20240204 20:20:34.251" endtime="20240204 20:20:34.251"/>
</kw>
<kw name="Get Env" library="Env">
<var>${LAMDA_PROJECT}</var>
<arg>LAMDA_PROJECT</arg>
<msg timestamp="20240204 20:20:34.252" level="INFO">${LAMDA_PROJECT} = PROJECT NAME</msg>
<status status="PASS" starttime="20240204 20:20:34.251" endtime="20240204 20:20:34.252"/>
</kw>
<kw name="Get Env" library="Env">
<var>${LAMDA_ISREAL_MOBILE}</var>
<arg>LAMDA_ISREAL_MOBILE</arg>
<msg timestamp="20240204 20:20:34.253" level="INFO">${LAMDA_ISREAL_MOBILE} = true</msg>
<status status="PASS" starttime="20240204 20:20:34.252" endtime="20240204 20:20:34.253"/>
</kw>
<kw name="Get Env" library="Env">
<var>${LAMDA_W3C}</var>
<arg>LAMDA_W3C</arg>
<msg timestamp="20240204 20:20:34.254" level="INFO">${LAMDA_W3C} = true</msg>
<status status="PASS" starttime="20240204 20:20:34.253" endtime="20240204 20:20:34.254"/>
</kw>
<kw name="Get Env" library="Env">
<var>${LAMDA_DEVICE_LOG}</var>
<arg>LAMDA_DEVICE_LOG</arg>
<msg timestamp="20240204 20:20:34.254" level="INFO">${LAMDA_DEVICE_LOG} = true</msg>
<status status="PASS" starttime="20240204 20:20:34.254" endtime="20240204 20:20:34.254"/>
</kw>
<kw name="Get Env" library="Env">
<var>${LAMDA_NETWORK_LOG}</var>
<arg>LAMDA_NETWORK_LOG</arg>
<msg timestamp="20240204 20:20:34.255" level="INFO">${LAMDA_NETWORK_LOG} = false</msg>
<status status="PASS" starttime="20240204 20:20:34.254" endtime="20240204 20:20:34.255"/>
</kw>
<kw name="Get Start Date" library="config">
<var>${gettime}</var>
<if>
<branch type="IF" condition="'${BUILD_TIMESTAMP}' == ''">
<kw name="Set Build Timestamp" library="config">
<kw name="Get Time" library="BuiltIn">
<var>${current_datetime}</var>
<arg>result_format=day</arg>
<arg>time_=NOW</arg>
<doc>Returns the given time in the requested format.</doc>
<msg timestamp="20240204 20:20:34.256" level="INFO">${current_datetime} = 04</msg>
<status status="PASS" starttime="20240204 20:20:34.256" endtime="20240204 20:20:34.256"/>
</kw>
<kw name="Set Global Variable" library="BuiltIn">
<arg>${BUILD_TIMESTAMP}</arg>
<arg>${current_datetime}</arg>
<doc>Makes a variable available globally in all tests and suites.</doc>
<msg timestamp="20240204 20:20:34.256" level="INFO">${BUILD_TIMESTAMP} = 04</msg>
<status status="PASS" starttime="20240204 20:20:34.256" endtime="20240204 20:20:34.256"/>
</kw>
<status status="PASS" starttime="20240204 20:20:34.255" endtime="20240204 20:20:34.256"/>
</kw>
<status status="PASS" starttime="20240204 20:20:34.255" endtime="20240204 20:20:34.256"/>
</branch>
<status status="PASS" starttime="20240204 20:20:34.255" endtime="20240204 20:20:34.256"/>
</if>
<kw name="Log" library="BuiltIn">
<arg>build=${BUILD_TIMESTAMP}</arg>
<doc>Logs the given message with the given level.</doc>
<msg timestamp="20240204 20:20:34.256" level="INFO">build=04</msg>
<status status="PASS" starttime="20240204 20:20:34.256" endtime="20240204 20:20:34.256"/>
</kw>
<return>
<value>${BUILD_TIMESTAMP}</value>
<status status="PASS" starttime="20240204 20:20:34.256" endtime="20240204 20:20:34.256"/>
</return>
<msg timestamp="20240204 20:20:34.256" level="INFO">${gettime} = 04</msg>
<status status="PASS" starttime="20240204 20:20:34.255" endtime="20240204 20:20:34.257"/>
</kw>
<kw name="Create Dictionary" library="BuiltIn">
<var>&amp;{LT_Options}</var>
<arg>isRealMobile=${LAMDA_ISREAL_MOBILE}</arg>
<arg>platformVersion=${LAMDA_PLATFORM_VERSION}</arg>
<arg>deviceName=${LAMDA_DEVICE_NAME}</arg>
<arg>app=${LAMDA_APP_URL}</arg>
<arg>w3c=${LAMDA_W3C}</arg>
<arg>platformName=${LAMDA_PLATFORM_NAME}</arg>
<arg>build=${LAMDA_BUILD_NAME}_${SUITE_NAME}_${gettime}</arg>
<arg>name=${Test Suite, Test Case}</arg>
<arg>project=${LAMDA_PROJECT}</arg>
<arg>network=${LAMDA_NETWORK_LOG}</arg>
<arg>devicelog=${LAMDA_DEVICE_LOG}</arg>
<arg>autoGrantPermissions=true</arg>
<arg>visual=true</arg>
<doc>Creates and returns a dictionary based on the given ``items``.</doc>
<msg timestamp="20240204 20:20:34.257" level="INFO">&amp;{LT_Options} = { isRealMobile=true | platformVersion=12 | deviceName=Pixel 6 | app=lt://APP10160531951700731556957468 | w3c=true | platformName=android | build=BUILD NAME_Test_04 | name=Test-TC001 - Open Application...</msg>
<status status="PASS" starttime="20240204 20:20:34.257" endtime="20240204 20:20:34.257"/>
</kw>
<kw name="Create Dictionary" library="BuiltIn">
<var>&amp;{DESIRED_CAPABILITIES}</var>
<arg>LT:Options=&amp;{LT_Options}</arg>
<doc>Creates and returns a dictionary based on the given ``items``.</doc>
<msg timestamp="20240204 20:20:34.257" level="INFO">&amp;{DESIRED_CAPABILITIES} = { LT:Options={'isRealMobile': 'true', 'platformVersion': '12', 'deviceName': 'Pixel 6', 'app': 'lt://APP10160531951700731556957468', 'w3c': 'true', 'platformName': 'android', 'build': 'BUILD NAME_Test...</msg>
<status status="PASS" starttime="20240204 20:20:34.257" endtime="20240204 20:20:34.257"/>
</kw>
<kw name="Open Application" library="AppiumLibrary">
<arg>remote_url=${REMOTE_URL}</arg>
<arg>desired_capabilities=${DESIRED_CAPABILITIES}</arg>
<doc>Opens a new application to given Appium server.
Capabilities of appium server, Android and iOS,
Please check https://github.com/appium/appium/blob/master/docs/en/writing-running-appium/server-args.md
| *Option*            | *Man.* | *Description*     |
| remote_url          | Yes    | Appium server url |
| alias               | no     | alias             |
| strict_ssl          | No     | allows you to send commands to an invalid certificate host like a self-signed one. |</doc>
<status status="PASS" starttime="20240204 20:20:34.257" endtime="20240204 20:21:02.202"/>
</kw>
<status status="PASS" starttime="20240204 20:20:34.247" endtime="20240204 20:21:02.203"/>
</kw>
<kw name="Close App" library="config" type="TEARDOWN">
<kw name="Set Variable If" library="BuiltIn">
<var>${status}</var>
<arg>'${TEST_STATUS}'=='PASS'</arg>
<arg>passed</arg>
<arg>failed</arg>
<doc>Sets variable based on the given condition.</doc>
<msg timestamp="20240204 20:21:02.207" level="INFO">${status} = passed</msg>
<status status="PASS" starttime="20240204 20:21:02.206" endtime="20240204 20:21:02.207"/>
</kw>
<kw name="Execute Script" library="AppiumLibrary">
<arg>lambda-hook: {"action": "setTestStatus", "arguments": {"status": "${status}", "remark": "${TEST_MESSAGE} ${TEST_STATUS}"}}</arg>
<doc>Execute a variety of native, mobile commands that aren't associated
with a specific endpoint. See [https://appium.io/docs/en/commands/mobile-command/|Appium Mobile Command]
for more details.</doc>
<status status="PASS" starttime="20240204 20:21:02.208" endtime="20240204 20:21:03.646"/>
</kw>
<kw name="Log" library="BuiltIn">
<arg>${TEST_STATUS}</arg>
<doc>Logs the given message with the given level.</doc>
<msg timestamp="20240204 20:21:03.648" level="INFO">PASS</msg>
<status status="PASS" starttime="20240204 20:21:03.648" endtime="20240204 20:21:03.649"/>
</kw>
<kw name="Close Application" library="AppiumLibrary">
<doc>Closes the current application and also close webdriver session.</doc>
<status status="PASS" starttime="20240204 20:21:03.649" endtime="20240204 20:21:03.866"/>
</kw>
<status status="PASS" starttime="20240204 20:21:02.205" endtime="20240204 20:21:03.867"/>
</kw>
<status status="PASS" starttime="20240204 20:20:34.246" endtime="20240204 20:21:03.868"/>
</test>
<status status="PASS" starttime="20240204 20:20:34.161" endtime="20240204 20:21:03.871"/>
</suite>
<statistics>
<total>
<stat pass="1" fail="0" skip="0">All Tests</stat>
</total>
<tag>
</tag>
<suite>
<stat pass="1" fail="0" skip="0" id="s1" name="Test">Test</stat>
</suite>
</statistics>
<errors>
</errors>
</robot>
